
SQL*Loader: Release 11.2.0.2.0 - Production on Mon Jun 26 12:45:26 2017

Copyright (c) 1982, 2009, Oracle and/or its affiliates.  All rights reserved.

Control File:   loader_DATOS_BDI_CRUDO_POR_CAMPO.ctl
Data File:      produccion_por_campo.csv
  Bad File:     produccion_por_campo.bad
  Discard File:  none specified
 
 (Allow all discards)

Number to load: ALL
Number to skip: 0
Errors allowed: 50
Bind array:     64 rows, maximum of 256000 bytes
Continuation:    none specified
Path used:      Conventional

Table DATOS_BDI_CRUDO_POR_CAMPO, loaded from every logical record.
Insert option in effect for this table: INSERT

   Column Name                  Position   Len  Term Encl Datatype
------------------------------ ---------- ----- ---- ---- ---------------------
FECHA                               FIRST     *   ,       DATE yyyy/mm/dd      
E                                    NEXT     *   ,       CHARACTER            
REGION                               NEXT     *   ,       CHARACTER            
ACTIVO                               NEXT     *   ,       CHARACTER            
CAMPO                                NEXT     *   ,       CHARACTER            
MBD                                  NEXT     *   ,       CHARACTER            


Table DATOS_BDI_CRUDO_POR_CAMPO:
  368768 Rows successfully loaded.
  0 Rows not loaded due to data errors.
  0 Rows not loaded because all WHEN clauses were failed.
  0 Rows not loaded because all fields were null.


Space allocated for bind array:                  99072 bytes(64 rows)
Read   buffer bytes: 1048576

Total logical records skipped:          0
Total logical records read:        368768
Total logical records rejected:         0
Total logical records discarded:        0

Run began on Mon Jun 26 12:45:26 2017
Run ended on Mon Jun 26 12:45:36 2017

Elapsed time was:     00:00:10.35
CPU time was:         00:00:00.68
