
SQL*Loader: Release 11.2.0.2.0 - Production on Mon Jun 26 13:25:35 2017

Copyright (c) 1982, 2009, Oracle and/or its affiliates.  All rights reserved.

Control File:   loader_DATOS_BDI_POZOS_DESARROLLO_PERFORACION.ctl
Data File:      pozos_perforacion.csv
  Bad File:     pozos_perforacion.bad
  Discard File:  none specified
 
 (Allow all discards)

Number to load: ALL
Number to skip: 0
Errors allowed: 50
Bind array:     64 rows, maximum of 256000 bytes
Continuation:    none specified
Path used:      Conventional

Table DATOS_BDI_POZOS_DESARROLLO_PE, loaded from every logical record.
Insert option in effect for this table: INSERT

   Column Name                  Position   Len  Term Encl Datatype
------------------------------ ---------- ----- ---- ---- ---------------------
FECHA                               FIRST     *   ,       DATE yyyy/mm/dd      
E                                    NEXT     *   ,       CHARACTER            
REGION                               NEXT     *   ,       CHARACTER            
ACTIVO                               NEXT     *   ,       CHARACTER            
NUM_POZOS                            NEXT     *   ,       CHARACTER            


Table DATOS_BDI_POZOS_DESARROLLO_PE:
  6716 Rows successfully loaded.
  0 Rows not loaded due to data errors.
  0 Rows not loaded because all WHEN clauses were failed.
  0 Rows not loaded because all fields were null.


Space allocated for bind array:                  82560 bytes(64 rows)
Read   buffer bytes: 1048576

Total logical records skipped:          0
Total logical records read:          6716
Total logical records rejected:         0
Total logical records discarded:        0

Run began on Mon Jun 26 13:25:35 2017
Run ended on Mon Jun 26 13:25:35 2017

Elapsed time was:     00:00:00.22
CPU time was:         00:00:00.02
