
SQL*Loader: Release 11.2.0.2.0 - Production on Fri Jun 30 13:03:01 2017

Copyright (c) 1982, 2009, Oracle and/or its affiliates.  All rights reserved.

Control File:   loader_precios.ctl
Data File:      precios.csv
  Bad File:     precios.bad
  Discard File:  none specified
 
 (Allow all discards)

Number to load: ALL
Number to skip: 0
Errors allowed: 50
Bind array:     64 rows, maximum of 256000 bytes
Continuation:    none specified
Path used:      Conventional

Table PRECIOS, loaded from every logical record.
Insert option in effect for this table: INSERT

   Column Name                  Position   Len  Term Encl Datatype
------------------------------ ---------- ----- ---- ---- ---------------------
FECHA                               FIRST     *   ,       DATE mm/dd/yyyy      
BRENT                                NEXT     *   ,       CHARACTER            
WTI                                  NEXT     *   ,       CHARACTER            
MME                                  NEXT     *   ,       CHARACTER            
HENRY_HUB                            NEXT     *   ,       CHARACTER            


Table PRECIOS:
  8047 Rows successfully loaded.
  0 Rows not loaded due to data errors.
  0 Rows not loaded because all WHEN clauses were failed.
  0 Rows not loaded because all fields were null.


Space allocated for bind array:                  82560 bytes(64 rows)
Read   buffer bytes: 1048576

Total logical records skipped:          0
Total logical records read:          8047
Total logical records rejected:         0
Total logical records discarded:        0

Run began on Fri Jun 30 13:03:01 2017
Run ended on Fri Jun 30 13:03:01 2017

Elapsed time was:     00:00:00.39
CPU time was:         00:00:00.02
