
SQL*Loader: Release 11.2.0.2.0 - Production on Fri Jun 30 11:50:33 2017

Copyright (c) 1982, 2009, Oracle and/or its affiliates.  All rights reserved.

Control File:   loader_licitantes.ctl
Data File:      RONDAS_ofertas.csv
  Bad File:     RONDAS_ofertas.bad
  Discard File:  none specified
 
 (Allow all discards)

Number to load: ALL
Number to skip: 0
Errors allowed: 50
Bind array:     64 rows, maximum of 256000 bytes
Continuation:    none specified
Path used:      Conventional

Table RONDAS_LICITANTES, loaded from every logical record.
Insert option in effect for this table: INSERT

   Column Name                  Position   Len  Term Encl Datatype
------------------------------ ---------- ----- ---- ---- ---------------------
ID_LICITANTE                        FIRST     *   ;       CHARACTER            
ID                                   NEXT     *   ;       CHARACTER            
RONDA                                NEXT     *   ;       CHARACTER            
LIC                                  NEXT     *   ;       CHARACTER            
BLOQUE                               NEXT     *   ;       CHARACTER            
NUM                                  NEXT     *   ;       CHARACTER            
EMPRESA                              NEXT     *   ;       CHARACTER            
MODALIDAD                            NEXT     *   ;       CHARACTER            
CONTRATO                             NEXT     *   ;       CHARACTER            
VAR_ADJ1                             NEXT     *   ;       CHARACTER            
VAR_ADJ2                             NEXT     *   ;       CHARACTER            
VPO                                  NEXT     *   ;       CHARACTER            
BONO                                 NEXT     *   ;       CHARACTER            
GANADOR                              NEXT     *   ;       CHARACTER            
OPERADOR                             NEXT     *   ;       CHARACTER            


Table RONDAS_LICITANTES:
  263 Rows successfully loaded.
  0 Rows not loaded due to data errors.
  0 Rows not loaded because all WHEN clauses were failed.
  0 Rows not loaded because all fields were null.


Space allocated for bind array:                 247680 bytes(64 rows)
Read   buffer bytes: 1048576

Total logical records skipped:          0
Total logical records read:           263
Total logical records rejected:         0
Total logical records discarded:        0

Run began on Fri Jun 30 11:50:33 2017
Run ended on Fri Jun 30 11:50:33 2017

Elapsed time was:     00:00:00.07
CPU time was:         00:00:00.02
