
SQL*Loader: Release 11.2.0.2.0 - Production on Fri Jun 30 11:50:17 2017

Copyright (c) 1982, 2009, Oracle and/or its affiliates.  All rights reserved.

Control File:   loader_empresas.ctl
Data File:      RONDAS_empresas.csv
  Bad File:     RONDAS_empresas.bad
  Discard File:  none specified
 
 (Allow all discards)

Number to load: ALL
Number to skip: 0
Errors allowed: 50
Bind array:     64 rows, maximum of 256000 bytes
Continuation:    none specified
Path used:      Conventional

Table RONDAS_EMPRESAS, loaded from every logical record.
Insert option in effect for this table: INSERT

   Column Name                  Position   Len  Term Encl Datatype
------------------------------ ---------- ----- ---- ---- ---------------------
ID_EMPRESA                          FIRST     *   ;       CHARACTER            
EMPRESA                              NEXT     *   ;       CHARACTER            
PAIS                                 NEXT     *   ;       CHARACTER            


Table RONDAS_EMPRESAS:
  174 Rows successfully loaded.
  0 Rows not loaded due to data errors.
  0 Rows not loaded because all WHEN clauses were failed.
  0 Rows not loaded because all fields were null.


Space allocated for bind array:                  49536 bytes(64 rows)
Read   buffer bytes: 1048576

Total logical records skipped:          0
Total logical records read:           174
Total logical records rejected:         0
Total logical records discarded:        0

Run began on Fri Jun 30 11:50:17 2017
Run ended on Fri Jun 30 11:50:17 2017

Elapsed time was:     00:00:00.14
CPU time was:         00:00:00.01
